
ROM used: 605 (7%)
          605 (7%) including unused fragments

          1 Average locations per line
          4 Average locations per statement

RAM used: 12 (3%) at main() level
          13 (4%) worst case

Stack used: 2 worst case (out of 8 total available)

Lines Stmts  %   Files
----- ----- ---  -----
  189   172 100  sonkod.c
  280     0   0  C:\PROGRA~2\PICC\devices\16F877.h
----- -----
  469   172 Total

Page ROM  %  RAM   Vol Diff  Functions:
---- --- --- ---   --- ----  ----------
0     20   3   1             @delay_ms1
0     45   7   0   149  1.3  dur
0     24   4   0    80  1.2  ileri
0     24   4   0    80  1.2  geri
0     26   4   0    80  1.2  sag
0     22   4   0    80  1.2  sol
0    440  73   1  4271  4.5  MAIN

Program metrics:
    Functions               6
    Statements              172
    Comments                74
    Volume (V)              5479
    Difficilty (D)          11.4
    Effort to implement (E) 62668
    Time to implement (T)   58 minutes
    Est Delivered Bugs (B)  1
    Cyclomatic Complexity   27
    Maintainability (MI)    43

 Segment     Used  Free
-----------  ----  ----
00000-00003     4  0  
00004-007FF   601  1443  
00800-00FFF     0  2048  
01000-017FF     0  2048  
01800-01FFF     0  2048  



THE FOLLOWING IS TEMPORARY FOR DIAGNOSTIC USE ONLY:

    n1    n2    N1    N2   v(G)
     0     1     0     0     0    @delay_ms1
     3    18    18    16     0    dur
     3    11    12     9     0    ileri
     3    11    12     9     0    geri
     3    11    12     9     0    sag
     3    11    12     9     0    sol
     9   215   334   213    27    MAIN
